Performing C++ SOURCE FILE Test CPP20_FLAG_BUILTIN failed with the following output:
Change Dir: /mnt/c/Users/hyunc/simonhelpme/build/CMakeFiles/CMakeTmp

Run Build Command(s):/usr/bin/make cmTC_2bad3/fast && /usr/bin/make -f CMakeFiles/cmTC_2bad3.dir/build.make CMakeFiles/cmTC_2bad3.dir/build
make[1]: Entering directory '/mnt/c/Users/hyunc/simonhelpme/build/CMakeFiles/CMakeTmp'
Building CXX object CMakeFiles/cmTC_2bad3.dir/src.cxx.o
/usr/bin/c++   -I/mnt/c/Users/hyunc/simonhelpme/lib/seqan3/include -I/mnt/c/Users/hyunc/simonhelpme/lib/seqan3/submodules/sdsl-lite/include -I/mnt/c/Users/hyunc/simonhelpme/lib/seqan3/submodules/cereal/include  -DCPP20_FLAG_BUILTIN   -o CMakeFiles/cmTC_2bad3.dir/src.cxx.o -c /mnt/c/Users/hyunc/simonhelpme/build/CMakeFiles/CMakeTmp/src.cxx
/mnt/c/Users/hyunc/simonhelpme/build/CMakeFiles/CMakeTmp/src.cxx:2:8: error: #error NOCXX20
    2 |       #error NOCXX20
      |        ^~~~~
make[1]: *** [CMakeFiles/cmTC_2bad3.dir/build.make:66: CMakeFiles/cmTC_2bad3.dir/src.cxx.o] Error 1
make[1]: Leaving directory '/mnt/c/Users/hyunc/simonhelpme/build/CMakeFiles/CMakeTmp'
make: *** [Makefile:121: cmTC_2bad3/fast] Error 2


Source file was:
#if !defined (__cplusplus) || (__cplusplus < 202002L)
      #error NOCXX20
      #endif
      int main() {}
Performing C SOURCE FILE Test CMAKE_HAVE_LIBC_PTHREAD failed with the following output:
Change Dir: /mnt/c/Users/hyunc/simonhelpme/build/CMakeFiles/CMakeTmp

Run Build Command(s):/usr/bin/make cmTC_e7fcc/fast && /usr/bin/make -f CMakeFiles/cmTC_e7fcc.dir/build.make CMakeFiles/cmTC_e7fcc.dir/build
make[1]: Entering directory '/mnt/c/Users/hyunc/simonhelpme/build/CMakeFiles/CMakeTmp'
Building C object CMakeFiles/cmTC_e7fcc.dir/src.c.o
/usr/bin/cc  -I/mnt/c/Users/hyunc/simonhelpme/lib/seqan3/include -I/mnt/c/Users/hyunc/simonhelpme/lib/seqan3/submodules/sdsl-lite/include -I/mnt/c/Users/hyunc/simonhelpme/lib/seqan3/submodules/cereal/include  -DCMAKE_HAVE_LIBC_PTHREAD   -o CMakeFiles/cmTC_e7fcc.dir/src.c.o   -c /mnt/c/Users/hyunc/simonhelpme/build/CMakeFiles/CMakeTmp/src.c
Linking C executable cmTC_e7fcc
/usr/bin/cmake -E cmake_link_script CMakeFiles/cmTC_e7fcc.dir/link.txt --verbose=1
/usr/bin/cc  -DCMAKE_HAVE_LIBC_PTHREAD    CMakeFiles/cmTC_e7fcc.dir/src.c.o  -o cmTC_e7fcc 
/usr/bin/ld: CMakeFiles/cmTC_e7fcc.dir/src.c.o: in function `main':
src.c:(.text+0x46): undefined reference to `pthread_create'
/usr/bin/ld: src.c:(.text+0x52): undefined reference to `pthread_detach'
/usr/bin/ld: src.c:(.text+0x63): undefined reference to `pthread_join'
collect2: error: ld returned 1 exit status
make[1]: *** [CMakeFiles/cmTC_e7fcc.dir/build.make:87: cmTC_e7fcc] Error 1
make[1]: Leaving directory '/mnt/c/Users/hyunc/simonhelpme/build/CMakeFiles/CMakeTmp'
make: *** [Makefile:121: cmTC_e7fcc/fast] Error 2


Source file was:
#include <pthread.h>

void* test_func(void* data)
{
  return data;
}

int main(void)
{
  pthread_t thread;
  pthread_create(&thread, NULL, test_func, NULL);
  pthread_detach(thread);
  pthread_join(thread, NULL);
  pthread_atfork(NULL, NULL, NULL);
  pthread_exit(NULL);

  return 0;
}

Performing C SOURCE FILE Test HAVE___DECLSPEC_DLLEXPORT_ failed with the following output:
Change Dir: /mnt/c/Users/hyunc/simonhelpme/build/CMakeFiles/CMakeTmp

Run Build Command(s):/usr/bin/make cmTC_6f34e/fast && /usr/bin/make -f CMakeFiles/cmTC_6f34e.dir/build.make CMakeFiles/cmTC_6f34e.dir/build
make[1]: Entering directory '/mnt/c/Users/hyunc/simonhelpme/build/CMakeFiles/CMakeTmp'
Building C object CMakeFiles/cmTC_6f34e.dir/src.c.o
/usr/bin/cc  -I/mnt/c/Users/hyunc/simonhelpme/lib/seqan3/include -I/mnt/c/Users/hyunc/simonhelpme/lib/seqan3/submodules/sdsl-lite/include -I/mnt/c/Users/hyunc/simonhelpme/lib/seqan3/submodules/cereal/include  -Wall -DHAVE___DECLSPEC_DLLEXPORT_   -o CMakeFiles/cmTC_6f34e.dir/src.c.o   -c /mnt/c/Users/hyunc/simonhelpme/build/CMakeFiles/CMakeTmp/src.c
/mnt/c/Users/hyunc/simonhelpme/build/CMakeFiles/CMakeTmp/src.c:1:1: warning: return type defaults to ‘int’ [-Wimplicit-int]
    1 | __declspec(dllexport) void func(); void func() { } int main() { func(); return 0; }
      | ^~~~~~~~~~
/mnt/c/Users/hyunc/simonhelpme/build/CMakeFiles/CMakeTmp/src.c: In function ‘__declspec’:
/mnt/c/Users/hyunc/simonhelpme/build/CMakeFiles/CMakeTmp/src.c:1:48: error: expected ‘=’, ‘,’, ‘;’, ‘asm’ or ‘__attribute__’ before ‘{’ token
    1 | __declspec(dllexport) void func(); void func() { } int main() { func(); return 0; }
      |                                                ^
/mnt/c/Users/hyunc/simonhelpme/build/CMakeFiles/CMakeTmp/src.c:1:63: error: expected ‘=’, ‘,’, ‘;’, ‘asm’ or ‘__attribute__’ before ‘{’ token
    1 | __declspec(dllexport) void func(); void func() { } int main() { func(); return 0; }
      |                                                               ^
/mnt/c/Users/hyunc/simonhelpme/build/CMakeFiles/CMakeTmp/src.c:1:1: warning: type of ‘dllexport’ defaults to ‘int’ [-Wimplicit-int]
    1 | __declspec(dllexport) void func(); void func() { } int main() { func(); return 0; }
      | ^~~~~~~~~~
/mnt/c/Users/hyunc/simonhelpme/build/CMakeFiles/CMakeTmp/src.c:1:28: error: declaration for parameter ‘func’ but no such parameter
    1 | __declspec(dllexport) void func(); void func() { } int main() { func(); return 0; }
      |                            ^~~~
/mnt/c/Users/hyunc/simonhelpme/build/CMakeFiles/CMakeTmp/src.c:2: error: expected ‘{’ at end of input
/mnt/c/Users/hyunc/simonhelpme/build/CMakeFiles/CMakeTmp/src.c:2: warning: control reaches end of non-void function [-Wreturn-type]
make[1]: *** [CMakeFiles/cmTC_6f34e.dir/build.make:66: CMakeFiles/cmTC_6f34e.dir/src.c.o] Error 1
make[1]: Leaving directory '/mnt/c/Users/hyunc/simonhelpme/build/CMakeFiles/CMakeTmp'
make: *** [Makefile:121: cmTC_6f34e/fast] Error 2


Source file was:
__declspec(dllexport) void func(); void func() { } int main() { func(); return 0; }
Performing C SOURCE FILE Test HAVE___DECLSPEC_DLLIMPORT_ failed with the following output:
Change Dir: /mnt/c/Users/hyunc/simonhelpme/build/CMakeFiles/CMakeTmp

Run Build Command(s):/usr/bin/make cmTC_2c1d4/fast && /usr/bin/make -f CMakeFiles/cmTC_2c1d4.dir/build.make CMakeFiles/cmTC_2c1d4.dir/build
make[1]: Entering directory '/mnt/c/Users/hyunc/simonhelpme/build/CMakeFiles/CMakeTmp'
Building C object CMakeFiles/cmTC_2c1d4.dir/src.c.o
/usr/bin/cc  -I/mnt/c/Users/hyunc/simonhelpme/lib/seqan3/include -I/mnt/c/Users/hyunc/simonhelpme/lib/seqan3/submodules/sdsl-lite/include -I/mnt/c/Users/hyunc/simonhelpme/lib/seqan3/submodules/cereal/include  -Wall -DHAVE___DECLSPEC_DLLIMPORT_   -o CMakeFiles/cmTC_2c1d4.dir/src.c.o   -c /mnt/c/Users/hyunc/simonhelpme/build/CMakeFiles/CMakeTmp/src.c
/mnt/c/Users/hyunc/simonhelpme/build/CMakeFiles/CMakeTmp/src.c:1:1: warning: return type defaults to ‘int’ [-Wimplicit-int]
    1 | __declspec(dllimport) void func(); void func() { } int main() { func(); return 0; }
      | ^~~~~~~~~~
/mnt/c/Users/hyunc/simonhelpme/build/CMakeFiles/CMakeTmp/src.c: In function ‘__declspec’:
/mnt/c/Users/hyunc/simonhelpme/build/CMakeFiles/CMakeTmp/src.c:1:48: error: expected ‘=’, ‘,’, ‘;’, ‘asm’ or ‘__attribute__’ before ‘{’ token
    1 | __declspec(dllimport) void func(); void func() { } int main() { func(); return 0; }
      |                                                ^
/mnt/c/Users/hyunc/simonhelpme/build/CMakeFiles/CMakeTmp/src.c:1:63: error: expected ‘=’, ‘,’, ‘;’, ‘asm’ or ‘__attribute__’ before ‘{’ token
    1 | __declspec(dllimport) void func(); void func() { } int main() { func(); return 0; }
      |                                                               ^
/mnt/c/Users/hyunc/simonhelpme/build/CMakeFiles/CMakeTmp/src.c:1:1: warning: type of ‘dllimport’ defaults to ‘int’ [-Wimplicit-int]
    1 | __declspec(dllimport) void func(); void func() { } int main() { func(); return 0; }
      | ^~~~~~~~~~
/mnt/c/Users/hyunc/simonhelpme/build/CMakeFiles/CMakeTmp/src.c:1:28: error: declaration for parameter ‘func’ but no such parameter
    1 | __declspec(dllimport) void func(); void func() { } int main() { func(); return 0; }
      |                            ^~~~
/mnt/c/Users/hyunc/simonhelpme/build/CMakeFiles/CMakeTmp/src.c:2: error: expected ‘{’ at end of input
/mnt/c/Users/hyunc/simonhelpme/build/CMakeFiles/CMakeTmp/src.c:2: warning: control reaches end of non-void function [-Wreturn-type]
make[1]: *** [CMakeFiles/cmTC_2c1d4.dir/build.make:66: CMakeFiles/cmTC_2c1d4.dir/src.c.o] Error 1
make[1]: Leaving directory '/mnt/c/Users/hyunc/simonhelpme/build/CMakeFiles/CMakeTmp'
make: *** [Makefile:121: cmTC_2c1d4/fast] Error 2


Source file was:
__declspec(dllimport) void func(); void func() { } int main() { func(); return 0; }
